[     142ms] [WARNING] ⚠️ React Router Future Flag Warning: React Router will begin wrapping state updates in `React.startTransition` in v7. You can use the `v7_startTransition` future flag to opt-in early. For more information, see https://reactrouter.com/v6/upgrading/future#v7_starttransition. @ http://localhost:4173/node_modules/.vite/deps/react-router-dom.js?v=667b2466:4379
[     142ms] [WARNING] ⚠️ React Router Future Flag Warning: Relative route resolution within Splat routes is changing in v7. You can use the `v7_relativeSplatPath` future flag to opt-in early. For more information, see https://reactrouter.com/v6/upgrading/future#v7_relativesplatpath. @ http://localhost:4173/node_modules/.vite/deps/react-router-dom.js?v=667b2466:4379
[    2758ms] [ERROR] Warning: Attempted to synchronously unmount a root while React was already rendering. React cannot finish unmounting the root until the current render has completed, which may lead to a race condition.%s 
    at PdfmeLabPage (http://localhost:4173/src/features/pdfme/PdfmeLabPage.jsx?t=1773332576818:29:24)
    at Pdfme
    at Suspense
    at RenderedRoute (http://localhost:4173/node_modules/.vite/deps/react-router-dom.js?v=667b2466:4074:5)
    at Routes (http://localhost:4173/node_modules/.vite/deps/react-router-dom.js?v=667b2466:4543:5)
    at div
    at App
    at Router (http://localhost:4173/node_modules/.vite/deps/react-router-dom.js?v=667b2466:4486:15)
    at BrowserRouter (http://localhost:4173/node_modules/.vite/deps/react-router-dom.js?v=667b2466:5230:5) @ http://localhost:4173/node_modules/.vite/deps/chunk-YQ5RYRPE.js?v=667b2466:520
[    3462ms] [ERROR] Warning: Attempted to synchronously unmount a root while React was already rendering. React cannot finish unmounting the root until the current render has completed, which may lead to a race condition.%s 
    at PdfmeLabPage (http://localhost:4173/src/features/pdfme/PdfmeLabPage.jsx?t=1773332576818:29:24)
    at Pdfme
    at Suspense
    at RenderedRoute (http://localhost:4173/node_modules/.vite/deps/react-router-dom.js?v=667b2466:4074:5)
    at Routes (http://localhost:4173/node_modules/.vite/deps/react-router-dom.js?v=667b2466:4543:5)
    at div
    at App
    at Router (http://localhost:4173/node_modules/.vite/deps/react-router-dom.js?v=667b2466:4486:15)
    at BrowserRouter (http://localhost:4173/node_modules/.vite/deps/react-router-dom.js?v=667b2466:5230:5) @ http://localhost:4173/node_modules/.vite/deps/chunk-YQ5RYRPE.js?v=667b2466:520
[    3464ms] [WARNING] [@pdfme/ui] Viewer component is deprecated and will be removed in a future version. @ http://localhost:4173/vendor/pdfme/ui/dist/esm/Viewer.js:9
[    4213ms] [ERROR] Warning: Attempted to synchronously unmount a root while React was already rendering. React cannot finish unmounting the root until the current render has completed, which may lead to a race condition.%s 
    at PdfmeLabPage (http://localhost:4173/src/features/pdfme/PdfmeLabPage.jsx?t=1773332576818:29:24)
    at Pdfme
    at Suspense
    at RenderedRoute (http://localhost:4173/node_modules/.vite/deps/react-router-dom.js?v=667b2466:4074:5)
    at Routes (http://localhost:4173/node_modules/.vite/deps/react-router-dom.js?v=667b2466:4543:5)
    at div
    at App
    at Router (http://localhost:4173/node_modules/.vite/deps/react-router-dom.js?v=667b2466:4486:15)
    at BrowserRouter (http://localhost:4173/node_modules/.vite/deps/react-router-dom.js?v=667b2466:5230:5) @ http://localhost:4173/node_modules/.vite/deps/chunk-YQ5RYRPE.js?v=667b2466:520
[  134119ms] [ERROR] Failed to load resource: the server responded with a status of 404 (Not Found) @ http://localhost:4173/vendor/pdfme/ui/dist/esm/components/Designer/RightSidebar/layout.js?t=1773332725048:0
[  134120ms] [ERROR] [hmr] Failed to reload /vendor/pdfme/ui/dist/esm/components/Designer/RightSidebar/layout.js. This could be due to syntax errors or importing non-existent modules. (see errors above) @ http://localhost:4173/@vite/client:270
[  134206ms] [ERROR] Failed to load resource: the server responded with a status of 500 (Internal Server Error) @ http://localhost:4173/vendor/pdfme/ui/dist/esm/components/Designer/LeftSidebarGroup.js?t=1773332725048:0
[  134206ms] [ERROR] [hmr] Failed to reload /vendor/pdfme/ui/dist/esm/components/Designer/LeftSidebarGroup.js. This could be due to syntax errors or importing non-existent modules. (see errors above) @ http://localhost:4173/@vite/client:270
[  134445ms] [ERROR] Failed to load resource: the server responded with a status of 404 (Not Found) @ http://localhost:4173/vendor/pdfme/ui/dist/esm/styles/final-classes.css?t=1773332725215:0
[  134476ms] [ERROR] [hmr] Failed to reload /vendor/pdfme/ui/dist/esm/styles/final-classes.css. This could be due to syntax errors or importing non-existent modules. (see errors above) @ http://localhost:4173/@vite/client:270
[  134564ms] [ERROR] Warning: Attempted to synchronously unmount a root while React was already rendering. React cannot finish unmounting the root until the current render has completed, which may lead to a race condition.%s 
    at PdfmeLabPage (http://localhost:4173/src/features/pdfme/PdfmeLabPage.jsx?t=1773332725057:29:24)
    at Pdfme
    at Suspense
    at RenderedRoute (http://localhost:4173/node_modules/.vite/deps/react-router-dom.js?v=667b2466:4074:5)
    at Routes (http://localhost:4173/node_modules/.vite/deps/react-router-dom.js?v=667b2466:4543:5)
    at div
    at App
    at Router (http://localhost:4173/node_modules/.vite/deps/react-router-dom.js?v=667b2466:4486:15)
    at BrowserRouter (http://localhost:4173/node_modules/.vite/deps/react-router-dom.js?v=667b2466:5230:5) @ http://localhost:4173/node_modules/.vite/deps/chunk-YQ5RYRPE.js?v=667b2466:520
[  136568ms] [ERROR] Failed to load resource: the server responded with a status of 404 (Not Found) @ http://localhost:4173/vendor/pdfme/ui/dist/esm/components/Designer/RightSidebar/layout.js?t=1773332725227:0
[  136584ms] [ERROR] [hmr] Failed to reload /vendor/pdfme/ui/dist/esm/components/Designer/RightSidebar/layout.js. This could be due to syntax errors or importing non-existent modules. (see errors above) @ http://localhost:4173/@vite/client:270
[  139248ms] [WARNING] ⚠️ React Router Future Flag Warning: React Router will begin wrapping state updates in `React.startTransition` in v7. You can use the `v7_startTransition` future flag to opt-in early. For more information, see https://reactrouter.com/v6/upgrading/future#v7_starttransition. @ http://localhost:4173/node_modules/.vite/deps/react-router-dom.js?v=667b2466:4379
[  139249ms] [WARNING] ⚠️ React Router Future Flag Warning: Relative route resolution within Splat routes is changing in v7. You can use the `v7_relativeSplatPath` future flag to opt-in early. For more information, see https://reactrouter.com/v6/upgrading/future#v7_relativesplatpath. @ http://localhost:4173/node_modules/.vite/deps/react-router-dom.js?v=667b2466:4379
