[     115ms] [WARNING] ⚠️ React Router Future Flag Warning: React Router will begin wrapping state updates in `React.startTransition` in v7. You can use the `v7_startTransition` future flag to opt-in early. For more information, see https://reactrouter.com/v6/upgrading/future#v7_starttransition. @ http://localhost:4173/node_modules/.vite/deps/react-router-dom.js?v=667b2466:4379
[     115ms] [WARNING] ⚠️ React Router Future Flag Warning: Relative route resolution within Splat routes is changing in v7. You can use the `v7_relativeSplatPath` future flag to opt-in early. For more information, see https://reactrouter.com/v6/upgrading/future#v7_relativesplatpath. @ http://localhost:4173/node_modules/.vite/deps/react-router-dom.js?v=667b2466:4379
[    2168ms] [ERROR] Warning: Attempted to synchronously unmount a root while React was already rendering. React cannot finish unmounting the root until the current render has completed, which may lead to a race condition.%s 
    at PdfmeLabPage (http://localhost:4173/src/features/pdfme/PdfmeLabPage.jsx?t=1773332511313:29:24)
    at Pdfme
    at Suspense
    at RenderedRoute (http://localhost:4173/node_modules/.vite/deps/react-router-dom.js?v=667b2466:4074:5)
    at Routes (http://localhost:4173/node_modules/.vite/deps/react-router-dom.js?v=667b2466:4543:5)
    at div
    at App
    at Router (http://localhost:4173/node_modules/.vite/deps/react-router-dom.js?v=667b2466:4486:15)
    at BrowserRouter (http://localhost:4173/node_modules/.vite/deps/react-router-dom.js?v=667b2466:5230:5) @ http://localhost:4173/node_modules/.vite/deps/chunk-YQ5RYRPE.js?v=667b2466:520
[    2683ms] [ERROR] Warning: Attempted to synchronously unmount a root while React was already rendering. React cannot finish unmounting the root until the current render has completed, which may lead to a race condition.%s 
    at PdfmeLabPage (http://localhost:4173/src/features/pdfme/PdfmeLabPage.jsx?t=1773332511313:29:24)
    at Pdfme
    at Suspense
    at RenderedRoute (http://localhost:4173/node_modules/.vite/deps/react-router-dom.js?v=667b2466:4074:5)
    at Routes (http://localhost:4173/node_modules/.vite/deps/react-router-dom.js?v=667b2466:4543:5)
    at div
    at App
    at Router (http://localhost:4173/node_modules/.vite/deps/react-router-dom.js?v=667b2466:4486:15)
    at BrowserRouter (http://localhost:4173/node_modules/.vite/deps/react-router-dom.js?v=667b2466:5230:5) @ http://localhost:4173/node_modules/.vite/deps/chunk-YQ5RYRPE.js?v=667b2466:520
[    2688ms] [WARNING] [@pdfme/ui] Viewer component is deprecated and will be removed in a future version. @ http://localhost:4173/vendor/pdfme/ui/dist/esm/Viewer.js:9
[    3201ms] [ERROR] Warning: Attempted to synchronously unmount a root while React was already rendering. React cannot finish unmounting the root until the current render has completed, which may lead to a race condition.%s 
    at PdfmeLabPage (http://localhost:4173/src/features/pdfme/PdfmeLabPage.jsx?t=1773332511313:29:24)
    at Pdfme
    at Suspense
    at RenderedRoute (http://localhost:4173/node_modules/.vite/deps/react-router-dom.js?v=667b2466:4074:5)
    at Routes (http://localhost:4173/node_modules/.vite/deps/react-router-dom.js?v=667b2466:4543:5)
    at div
    at App
    at Router (http://localhost:4173/node_modules/.vite/deps/react-router-dom.js?v=667b2466:4486:15)
    at BrowserRouter (http://localhost:4173/node_modules/.vite/deps/react-router-dom.js?v=667b2466:5230:5) @ http://localhost:4173/node_modules/.vite/deps/chunk-YQ5RYRPE.js?v=667b2466:520
[   45713ms] [ERROR] Warning: Attempted to synchronously unmount a root while React was already rendering. React cannot finish unmounting the root until the current render has completed, which may lead to a race condition.%s 
    at PdfmeLabPage (http://localhost:4173/src/features/pdfme/PdfmeLabPage.jsx?t=1773332576818:29:24)
    at Pdfme
    at Suspense
    at RenderedRoute (http://localhost:4173/node_modules/.vite/deps/react-router-dom.js?v=667b2466:4074:5)
    at Routes (http://localhost:4173/node_modules/.vite/deps/react-router-dom.js?v=667b2466:4543:5)
    at div
    at App
    at Router (http://localhost:4173/node_modules/.vite/deps/react-router-dom.js?v=667b2466:4486:15)
    at BrowserRouter (http://localhost:4173/node_modules/.vite/deps/react-router-dom.js?v=667b2466:5230:5) @ http://localhost:4173/node_modules/.vite/deps/chunk-YQ5RYRPE.js?v=667b2466:520
