[    1511ms] [ERROR] Failed to load resource: the server responded with a status of 500 (Internal Server Error) @ http://localhost:4173/vendor/pdfme/ui/dist/esm/components/Designer/LeftSidebar.js:0
[    1602ms] [ERROR] Failed to load resource: the server responded with a status of 404 (Not Found) @ http://localhost:4173/favicon.ico:0
[   45585ms] [ERROR] Failed to load resource: net::ERR_CONNECTION_REFUSED @ http://localhost:4173/:0
[   46589ms] [ERROR] Failed to load resource: net::ERR_CONNECTION_REFUSED @ http://localhost:4173/:0
[   47592ms] [ERROR] Failed to load resource: net::ERR_CONNECTION_REFUSED @ http://localhost:4173/:0
[   48595ms] [ERROR] Failed to load resource: net::ERR_CONNECTION_REFUSED @ http://localhost:4173/:0
[   49597ms] [ERROR] Failed to load resource: net::ERR_CONNECTION_REFUSED @ http://localhost:4173/:0
[   50599ms] [ERROR] Failed to load resource: net::ERR_CONNECTION_REFUSED @ http://localhost:4173/:0
[   51602ms] [ERROR] Failed to load resource: net::ERR_CONNECTION_REFUSED @ http://localhost:4173/:0
[   52605ms] [ERROR] Failed to load resource: net::ERR_CONNECTION_REFUSED @ http://localhost:4173/:0
[   53606ms] [ERROR] Failed to load resource: net::ERR_CONNECTION_REFUSED @ http://localhost:4173/:0
[   54616ms] [ERROR] Failed to load resource: net::ERR_CONNECTION_REFUSED @ http://localhost:4173/:0
[   55620ms] [ERROR] Failed to load resource: net::ERR_CONNECTION_REFUSED @ http://localhost:4173/:0
[   56622ms] [ERROR] Failed to load resource: net::ERR_CONNECTION_REFUSED @ http://localhost:4173/:0
[   57624ms] [ERROR] Failed to load resource: net::ERR_CONNECTION_REFUSED @ http://localhost:4173/:0
[   58628ms] [ERROR] Failed to load resource: net::ERR_CONNECTION_REFUSED @ http://localhost:4173/:0
[   59630ms] [ERROR] Failed to load resource: net::ERR_CONNECTION_REFUSED @ http://localhost:4173/:0
[   60635ms] [ERROR] Failed to load resource: net::ERR_CONNECTION_REFUSED @ http://localhost:4173/:0
[   61637ms] [ERROR] Failed to load resource: net::ERR_CONNECTION_REFUSED @ http://localhost:4173/:0
[   62639ms] [ERROR] Failed to load resource: net::ERR_CONNECTION_REFUSED @ http://localhost:4173/:0
[   63645ms] [ERROR] Failed to load resource: net::ERR_CONNECTION_REFUSED @ http://localhost:4173/:0
[   64647ms] [ERROR] Failed to load resource: net::ERR_CONNECTION_REFUSED @ http://localhost:4173/:0
[   65649ms] [ERROR] Failed to load resource: net::ERR_CONNECTION_REFUSED @ http://localhost:4173/:0
[   66653ms] [ERROR] Failed to load resource: net::ERR_CONNECTION_REFUSED @ http://localhost:4173/:0
[   67655ms] [ERROR] Failed to load resource: net::ERR_CONNECTION_REFUSED @ http://localhost:4173/:0
[   68658ms] [ERROR] Failed to load resource: net::ERR_CONNECTION_REFUSED @ http://localhost:4173/:0
[   69660ms] [ERROR] Failed to load resource: net::ERR_CONNECTION_REFUSED @ http://localhost:4173/:0
[   70664ms] [ERROR] Failed to load resource: net::ERR_CONNECTION_REFUSED @ http://localhost:4173/:0
[   71667ms] [ERROR] Failed to load resource: net::ERR_CONNECTION_REFUSED @ http://localhost:4173/:0
[   72670ms] [ERROR] Failed to load resource: net::ERR_CONNECTION_REFUSED @ http://localhost:4173/:0
[   73674ms] [ERROR] Failed to load resource: net::ERR_CONNECTION_REFUSED @ http://localhost:4173/:0
[   74677ms] [ERROR] Failed to load resource: net::ERR_CONNECTION_REFUSED @ http://localhost:4173/:0
[   75679ms] [ERROR] Failed to load resource: net::ERR_CONNECTION_REFUSED @ http://localhost:4173/:0
[   76685ms] [ERROR] Failed to load resource: net::ERR_CONNECTION_REFUSED @ http://localhost:4173/:0
[   77690ms] [ERROR] Failed to load resource: net::ERR_CONNECTION_REFUSED @ http://localhost:4173/:0
[   78693ms] [ERROR] Failed to load resource: net::ERR_CONNECTION_REFUSED @ http://localhost:4173/:0
[   79697ms] [ERROR] Failed to load resource: net::ERR_CONNECTION_REFUSED @ http://localhost:4173/:0
[   80700ms] [ERROR] Failed to load resource: net::ERR_CONNECTION_REFUSED @ http://localhost:4173/:0
[   81704ms] [ERROR] Failed to load resource: net::ERR_CONNECTION_REFUSED @ http://localhost:4173/:0
[   82706ms] [ERROR] Failed to load resource: net::ERR_CONNECTION_REFUSED @ http://localhost:4173/:0
[   83709ms] [ERROR] Failed to load resource: net::ERR_CONNECTION_REFUSED @ http://localhost:4173/:0
[   84711ms] [ERROR] Failed to load resource: net::ERR_CONNECTION_REFUSED @ http://localhost:4173/:0
[   85716ms] [ERROR] Failed to load resource: net::ERR_CONNECTION_REFUSED @ http://localhost:4173/:0
[   86722ms] [ERROR] Failed to load resource: net::ERR_CONNECTION_REFUSED @ http://localhost:4173/:0
[   87728ms] [ERROR] Failed to load resource: net::ERR_CONNECTION_REFUSED @ http://localhost:4173/:0
[   88731ms] [ERROR] Failed to load resource: net::ERR_CONNECTION_REFUSED @ http://localhost:4173/:0
[   89734ms] [ERROR] Failed to load resource: net::ERR_CONNECTION_REFUSED @ http://localhost:4173/:0
[   90737ms] [ERROR] Failed to load resource: net::ERR_CONNECTION_REFUSED @ http://localhost:4173/:0
[   91750ms] [ERROR] Failed to load resource: net::ERR_CONNECTION_REFUSED @ http://localhost:4173/:0
[   92751ms] [ERROR] Failed to load resource: net::ERR_CONNECTION_REFUSED @ http://localhost:4173/:0
[   93758ms] [ERROR] Failed to load resource: net::ERR_CONNECTION_REFUSED @ http://localhost:4173/:0
[   94761ms] [ERROR] Failed to load resource: net::ERR_CONNECTION_REFUSED @ http://localhost:4173/:0
[   95763ms] [ERROR] Failed to load resource: net::ERR_CONNECTION_REFUSED @ http://localhost:4173/:0
[   96767ms] [ERROR] Failed to load resource: net::ERR_CONNECTION_REFUSED @ http://localhost:4173/:0
[   97770ms] [ERROR] Failed to load resource: net::ERR_CONNECTION_REFUSED @ http://localhost:4173/:0
[   98777ms] [ERROR] Failed to load resource: net::ERR_CONNECTION_REFUSED @ http://localhost:4173/:0
[   99780ms] [ERROR] Failed to load resource: net::ERR_CONNECTION_REFUSED @ http://localhost:4173/:0
[  100793ms] [ERROR] Failed to load resource: net::ERR_CONNECTION_REFUSED @ http://localhost:4173/:0
[  101808ms] [ERROR] Failed to load resource: net::ERR_CONNECTION_REFUSED @ http://localhost:4173/:0
[  102814ms] [ERROR] Failed to load resource: net::ERR_CONNECTION_REFUSED @ http://localhost:4173/:0
[  103819ms] [ERROR] Failed to load resource: net::ERR_CONNECTION_REFUSED @ http://localhost:4173/:0
[  104830ms] [ERROR] Failed to load resource: net::ERR_CONNECTION_REFUSED @ http://localhost:4173/:0
[  105845ms] [ERROR] Failed to load resource: net::ERR_CONNECTION_REFUSED @ http://localhost:4173/:0
[  106848ms] [ERROR] Failed to load resource: net::ERR_CONNECTION_REFUSED @ http://localhost:4173/:0
[  107855ms] [ERROR] Failed to load resource: net::ERR_CONNECTION_REFUSED @ http://localhost:4173/:0
[  108863ms] [ERROR] Failed to load resource: net::ERR_CONNECTION_REFUSED @ http://localhost:4173/:0
[  109866ms] [ERROR] Failed to load resource: net::ERR_CONNECTION_REFUSED @ http://localhost:4173/:0
[  110868ms] [ERROR] Failed to load resource: net::ERR_CONNECTION_REFUSED @ http://localhost:4173/:0
[  111870ms] [ERROR] Failed to load resource: net::ERR_CONNECTION_REFUSED @ http://localhost:4173/:0
[  112873ms] [ERROR] Failed to load resource: net::ERR_CONNECTION_REFUSED @ http://localhost:4173/:0
[  113876ms] [ERROR] Failed to load resource: net::ERR_CONNECTION_REFUSED @ http://localhost:4173/:0
[  114888ms] [ERROR] Failed to load resource: net::ERR_CONNECTION_REFUSED @ http://localhost:4173/:0
[  115890ms] [ERROR] Failed to load resource: net::ERR_CONNECTION_REFUSED @ http://localhost:4173/:0
[  116892ms] [ERROR] Failed to load resource: net::ERR_CONNECTION_REFUSED @ http://localhost:4173/:0
[  117894ms] [ERROR] Failed to load resource: net::ERR_CONNECTION_REFUSED @ http://localhost:4173/:0
[  118896ms] [ERROR] Failed to load resource: net::ERR_CONNECTION_REFUSED @ http://localhost:4173/:0
[  119899ms] [ERROR] Failed to load resource: net::ERR_CONNECTION_REFUSED @ http://localhost:4173/:0
[  120900ms] [ERROR] Failed to load resource: net::ERR_CONNECTION_REFUSED @ http://localhost:4173/:0
[  121902ms] [ERROR] Failed to load resource: net::ERR_CONNECTION_REFUSED @ http://localhost:4173/:0
[  122904ms] [ERROR] Failed to load resource: net::ERR_CONNECTION_REFUSED @ http://localhost:4173/:0
[  123906ms] [ERROR] Failed to load resource: net::ERR_CONNECTION_REFUSED @ http://localhost:4173/:0
[  124910ms] [ERROR] Failed to load resource: net::ERR_CONNECTION_REFUSED @ http://localhost:4173/:0
[  125914ms] [ERROR] Failed to load resource: net::ERR_CONNECTION_REFUSED @ http://localhost:4173/:0
[  126918ms] [ERROR] Failed to load resource: net::ERR_CONNECTION_REFUSED @ http://localhost:4173/:0
[  127922ms] [ERROR] Failed to load resource: net::ERR_CONNECTION_REFUSED @ http://localhost:4173/:0
[  128926ms] [ERROR] Failed to load resource: net::ERR_CONNECTION_REFUSED @ http://localhost:4173/:0
[  129928ms] [ERROR] Failed to load resource: net::ERR_CONNECTION_REFUSED @ http://localhost:4173/:0
[  130930ms] [ERROR] Failed to load resource: net::ERR_CONNECTION_REFUSED @ http://localhost:4173/:0
[  131932ms] [ERROR] Failed to load resource: net::ERR_CONNECTION_REFUSED @ http://localhost:4173/:0
[  132935ms] [ERROR] Failed to load resource: net::ERR_CONNECTION_REFUSED @ http://localhost:4173/:0
[  133939ms] [ERROR] Failed to load resource: net::ERR_CONNECTION_REFUSED @ http://localhost:4173/:0
[  134943ms] [ERROR] Failed to load resource: net::ERR_CONNECTION_REFUSED @ http://localhost:4173/:0
[  135946ms] [ERROR] Failed to load resource: net::ERR_CONNECTION_REFUSED @ http://localhost:4173/:0
[  136950ms] [ERROR] Failed to load resource: net::ERR_CONNECTION_REFUSED @ http://localhost:4173/:0
[  137954ms] [ERROR] Failed to load resource: net::ERR_CONNECTION_REFUSED @ http://localhost:4173/:0
[  138958ms] [ERROR] Failed to load resource: net::ERR_CONNECTION_REFUSED @ http://localhost:4173/:0
[  139962ms] [ERROR] Failed to load resource: net::ERR_CONNECTION_REFUSED @ http://localhost:4173/:0
[  140966ms] [ERROR] Failed to load resource: net::ERR_CONNECTION_REFUSED @ http://localhost:4173/:0
[  141969ms] [ERROR] Failed to load resource: net::ERR_CONNECTION_REFUSED @ http://localhost:4173/:0
[  142972ms] [ERROR] Failed to load resource: net::ERR_CONNECTION_REFUSED @ http://localhost:4173/:0
[  143977ms] [ERROR] Failed to load resource: net::ERR_CONNECTION_REFUSED @ http://localhost:4173/:0
[  144981ms] [ERROR] Failed to load resource: net::ERR_CONNECTION_REFUSED @ http://localhost:4173/:0
[  145985ms] [ERROR] Failed to load resource: net::ERR_CONNECTION_REFUSED @ http://localhost:4173/:0
[  146989ms] [ERROR] Failed to load resource: net::ERR_CONNECTION_REFUSED @ http://localhost:4173/:0
[  147994ms] [ERROR] Failed to load resource: net::ERR_CONNECTION_REFUSED @ http://localhost:4173/:0
[  148998ms] [ERROR] Failed to load resource: net::ERR_CONNECTION_REFUSED @ http://localhost:4173/:0
[  150002ms] [ERROR] Failed to load resource: net::ERR_CONNECTION_REFUSED @ http://localhost:4173/:0
[  151006ms] [ERROR] Failed to load resource: net::ERR_CONNECTION_REFUSED @ http://localhost:4173/:0
[  152011ms] [ERROR] Failed to load resource: net::ERR_CONNECTION_REFUSED @ http://localhost:4173/:0
[  153015ms] [ERROR] Failed to load resource: net::ERR_CONNECTION_REFUSED @ http://localhost:4173/:0
[  154018ms] [ERROR] Failed to load resource: net::ERR_CONNECTION_REFUSED @ http://localhost:4173/:0
[  155022ms] [ERROR] Failed to load resource: net::ERR_CONNECTION_REFUSED @ http://localhost:4173/:0
[  156025ms] [ERROR] Failed to load resource: net::ERR_CONNECTION_REFUSED @ http://localhost:4173/:0
[  157027ms] [ERROR] Failed to load resource: net::ERR_CONNECTION_REFUSED @ http://localhost:4173/:0
[  158031ms] [ERROR] Failed to load resource: net::ERR_CONNECTION_REFUSED @ http://localhost:4173/:0
[  159034ms] [ERROR] Failed to load resource: net::ERR_CONNECTION_REFUSED @ http://localhost:4173/:0
[  160039ms] [ERROR] Failed to load resource: net::ERR_CONNECTION_REFUSED @ http://localhost:4173/:0
[  161042ms] [ERROR] Failed to load resource: net::ERR_CONNECTION_REFUSED @ http://localhost:4173/:0
[  162045ms] [ERROR] Failed to load resource: net::ERR_CONNECTION_REFUSED @ http://localhost:4173/:0
[  163047ms] [ERROR] Failed to load resource: net::ERR_CONNECTION_REFUSED @ http://localhost:4173/:0
[  164050ms] [ERROR] Failed to load resource: net::ERR_CONNECTION_REFUSED @ http://localhost:4173/:0
[  165053ms] [ERROR] Failed to load resource: net::ERR_CONNECTION_REFUSED @ http://localhost:4173/:0
[  166056ms] [ERROR] Failed to load resource: net::ERR_CONNECTION_REFUSED @ http://localhost:4173/:0
[  167060ms] [ERROR] Failed to load resource: net::ERR_CONNECTION_REFUSED @ http://localhost:4173/:0
[  168062ms] [ERROR] Failed to load resource: net::ERR_CONNECTION_REFUSED @ http://localhost:4173/:0
[  169066ms] [ERROR] Failed to load resource: net::ERR_CONNECTION_REFUSED @ http://localhost:4173/:0
[  170068ms] [ERROR] Failed to load resource: net::ERR_CONNECTION_REFUSED @ http://localhost:4173/:0
[  171079ms] [ERROR] Failed to load resource: net::ERR_CONNECTION_REFUSED @ http://localhost:4173/:0
[  172087ms] [ERROR] Failed to load resource: net::ERR_CONNECTION_REFUSED @ http://localhost:4173/:0
[  173100ms] [ERROR] Failed to load resource: net::ERR_CONNECTION_REFUSED @ http://localhost:4173/:0
[  174109ms] [ERROR] Failed to load resource: net::ERR_CONNECTION_REFUSED @ http://localhost:4173/:0
[  175116ms] [ERROR] Failed to load resource: net::ERR_CONNECTION_REFUSED @ http://localhost:4173/:0
[  176132ms] [ERROR] Failed to load resource: net::ERR_CONNECTION_REFUSED @ http://localhost:4173/:0
[  177146ms] [ERROR] Failed to load resource: net::ERR_CONNECTION_REFUSED @ http://localhost:4173/:0
[  178156ms] [ERROR] Failed to load resource: net::ERR_CONNECTION_REFUSED @ http://localhost:4173/:0
[  179159ms] [ERROR] Failed to load resource: net::ERR_CONNECTION_REFUSED @ http://localhost:4173/:0
[  180164ms] [ERROR] Failed to load resource: net::ERR_CONNECTION_REFUSED @ http://localhost:4173/:0
[  181170ms] [ERROR] Failed to load resource: net::ERR_CONNECTION_REFUSED @ http://localhost:4173/:0
[  182178ms] [ERROR] Failed to load resource: net::ERR_CONNECTION_REFUSED @ http://localhost:4173/:0
[  183190ms] [ERROR] Failed to load resource: net::ERR_CONNECTION_REFUSED @ http://localhost:4173/:0
[  184200ms] [ERROR] Failed to load resource: net::ERR_CONNECTION_REFUSED @ http://localhost:4173/:0
[  185205ms] [ERROR] Failed to load resource: net::ERR_CONNECTION_REFUSED @ http://localhost:4173/:0
[  186212ms] [ERROR] Failed to load resource: net::ERR_CONNECTION_REFUSED @ http://localhost:4173/:0
[  187222ms] [ERROR] Failed to load resource: net::ERR_CONNECTION_REFUSED @ http://localhost:4173/:0
[  188225ms] [ERROR] Failed to load resource: net::ERR_CONNECTION_REFUSED @ http://localhost:4173/:0
[  189232ms] [ERROR] Failed to load resource: net::ERR_CONNECTION_REFUSED @ http://localhost:4173/:0
[  190237ms] [ERROR] Failed to load resource: net::ERR_CONNECTION_REFUSED @ http://localhost:4173/:0
[  191247ms] [ERROR] Failed to load resource: net::ERR_CONNECTION_REFUSED @ http://localhost:4173/:0
[  192251ms] [ERROR] Failed to load resource: net::ERR_CONNECTION_REFUSED @ http://localhost:4173/:0
[  193260ms] [ERROR] Failed to load resource: net::ERR_CONNECTION_REFUSED @ http://localhost:4173/:0
[  194264ms] [ERROR] Failed to load resource: net::ERR_CONNECTION_REFUSED @ http://localhost:4173/:0
[  195271ms] [ERROR] Failed to load resource: net::ERR_CONNECTION_REFUSED @ http://localhost:4173/:0
[  196273ms] [ERROR] Failed to load resource: net::ERR_CONNECTION_REFUSED @ http://localhost:4173/:0
[  197285ms] [ERROR] Failed to load resource: net::ERR_CONNECTION_REFUSED @ http://localhost:4173/:0
[  198290ms] [ERROR] Failed to load resource: net::ERR_CONNECTION_REFUSED @ http://localhost:4173/:0
[  199293ms] [ERROR] Failed to load resource: net::ERR_CONNECTION_REFUSED @ http://localhost:4173/:0
[  200297ms] [ERROR] Failed to load resource: net::ERR_CONNECTION_REFUSED @ http://localhost:4173/:0
[  201300ms] [ERROR] Failed to load resource: net::ERR_CONNECTION_REFUSED @ http://localhost:4173/:0
[  202302ms] [ERROR] Failed to load resource: net::ERR_CONNECTION_REFUSED @ http://localhost:4173/:0
[  203308ms] [ERROR] Failed to load resource: net::ERR_CONNECTION_REFUSED @ http://localhost:4173/:0
[  204312ms] [ERROR] Failed to load resource: net::ERR_CONNECTION_REFUSED @ http://localhost:4173/:0
[  205322ms] [ERROR] Failed to load resource: net::ERR_CONNECTION_REFUSED @ http://localhost:4173/:0
[  206334ms] [ERROR] Failed to load resource: net::ERR_CONNECTION_REFUSED @ http://localhost:4173/:0
[  207343ms] [ERROR] Failed to load resource: net::ERR_CONNECTION_REFUSED @ http://localhost:4173/:0
[  208348ms] [ERROR] Failed to load resource: net::ERR_CONNECTION_REFUSED @ http://localhost:4173/:0
[  209351ms] [ERROR] Failed to load resource: net::ERR_CONNECTION_REFUSED @ http://localhost:4173/:0
[  210359ms] [ERROR] Failed to load resource: net::ERR_CONNECTION_REFUSED @ http://localhost:4173/:0
[  211365ms] [ERROR] Failed to load resource: net::ERR_CONNECTION_REFUSED @ http://localhost:4173/:0
[  212369ms] [ERROR] Failed to load resource: net::ERR_CONNECTION_REFUSED @ http://localhost:4173/:0
[  213374ms] [ERROR] Failed to load resource: net::ERR_CONNECTION_REFUSED @ http://localhost:4173/:0
[  214379ms] [ERROR] Failed to load resource: net::ERR_CONNECTION_REFUSED @ http://localhost:4173/:0
[  215383ms] [ERROR] Failed to load resource: net::ERR_CONNECTION_REFUSED @ http://localhost:4173/:0
[  216388ms] [ERROR] Failed to load resource: net::ERR_CONNECTION_REFUSED @ http://localhost:4173/:0
[  217391ms] [ERROR] Failed to load resource: net::ERR_CONNECTION_REFUSED @ http://localhost:4173/:0
[  218395ms] [ERROR] Failed to load resource: net::ERR_CONNECTION_REFUSED @ http://localhost:4173/:0
[  219398ms] [ERROR] Failed to load resource: net::ERR_CONNECTION_REFUSED @ http://localhost:4173/:0
[  220403ms] [ERROR] Failed to load resource: net::ERR_CONNECTION_REFUSED @ http://localhost:4173/:0
[  221406ms] [ERROR] Failed to load resource: net::ERR_CONNECTION_REFUSED @ http://localhost:4173/:0
[  222411ms] [ERROR] Failed to load resource: net::ERR_CONNECTION_REFUSED @ http://localhost:4173/:0
[  223413ms] [ERROR] Failed to load resource: net::ERR_CONNECTION_REFUSED @ http://localhost:4173/:0
[  224415ms] [ERROR] Failed to load resource: net::ERR_CONNECTION_REFUSED @ http://localhost:4173/:0
[  225417ms] [ERROR] Failed to load resource: net::ERR_CONNECTION_REFUSED @ http://localhost:4173/:0
[  226420ms] [ERROR] Failed to load resource: net::ERR_CONNECTION_REFUSED @ http://localhost:4173/:0
[  227423ms] [ERROR] Failed to load resource: net::ERR_CONNECTION_REFUSED @ http://localhost:4173/:0
[  228425ms] [ERROR] Failed to load resource: net::ERR_CONNECTION_REFUSED @ http://localhost:4173/:0
[  229427ms] [ERROR] Failed to load resource: net::ERR_CONNECTION_REFUSED @ http://localhost:4173/:0
[  230429ms] [ERROR] Failed to load resource: net::ERR_CONNECTION_REFUSED @ http://localhost:4173/:0
[  231431ms] [ERROR] Failed to load resource: net::ERR_CONNECTION_REFUSED @ http://localhost:4173/:0
[  232434ms] [ERROR] Failed to load resource: net::ERR_CONNECTION_REFUSED @ http://localhost:4173/:0
[  233436ms] [ERROR] Failed to load resource: net::ERR_CONNECTION_REFUSED @ http://localhost:4173/:0
[  234439ms] [ERROR] Failed to load resource: net::ERR_CONNECTION_REFUSED @ http://localhost:4173/:0
[  235441ms] [ERROR] Failed to load resource: net::ERR_CONNECTION_REFUSED @ http://localhost:4173/:0
[  236443ms] [ERROR] Failed to load resource: net::ERR_CONNECTION_REFUSED @ http://localhost:4173/:0
[  237445ms] [ERROR] Failed to load resource: net::ERR_CONNECTION_REFUSED @ http://localhost:4173/:0
[  238448ms] [ERROR] Failed to load resource: net::ERR_CONNECTION_REFUSED @ http://localhost:4173/:0
[  239451ms] [ERROR] Failed to load resource: net::ERR_CONNECTION_REFUSED @ http://localhost:4173/:0
[  240453ms] [ERROR] Failed to load resource: net::ERR_CONNECTION_REFUSED @ http://localhost:4173/:0
[  241456ms] [ERROR] Failed to load resource: net::ERR_CONNECTION_REFUSED @ http://localhost:4173/:0
[  242458ms] [ERROR] Failed to load resource: net::ERR_CONNECTION_REFUSED @ http://localhost:4173/:0
[  243460ms] [ERROR] Failed to load resource: net::ERR_CONNECTION_REFUSED @ http://localhost:4173/:0
[  244465ms] [ERROR] Failed to load resource: net::ERR_CONNECTION_REFUSED @ http://localhost:4173/:0
[  245469ms] [ERROR] Failed to load resource: net::ERR_CONNECTION_REFUSED @ http://localhost:4173/:0
[  246473ms] [ERROR] Failed to load resource: net::ERR_CONNECTION_REFUSED @ http://localhost:4173/:0
[  247476ms] [ERROR] Failed to load resource: net::ERR_CONNECTION_REFUSED @ http://localhost:4173/:0
[  248479ms] [ERROR] Failed to load resource: net::ERR_CONNECTION_REFUSED @ http://localhost:4173/:0
[  249482ms] [ERROR] Failed to load resource: net::ERR_CONNECTION_REFUSED @ http://localhost:4173/:0
[  250485ms] [ERROR] Failed to load resource: net::ERR_CONNECTION_REFUSED @ http://localhost:4173/:0
[  251489ms] [ERROR] Failed to load resource: net::ERR_CONNECTION_REFUSED @ http://localhost:4173/:0
[  252493ms] [ERROR] Failed to load resource: net::ERR_CONNECTION_REFUSED @ http://localhost:4173/:0
[  253497ms] [ERROR] Failed to load resource: net::ERR_CONNECTION_REFUSED @ http://localhost:4173/:0
[  254502ms] [ERROR] Failed to load resource: net::ERR_CONNECTION_REFUSED @ http://localhost:4173/:0
[  255506ms] [ERROR] Failed to load resource: net::ERR_CONNECTION_REFUSED @ http://localhost:4173/:0
[  256510ms] [ERROR] Failed to load resource: net::ERR_CONNECTION_REFUSED @ http://localhost:4173/:0
[  257512ms] [ERROR] Failed to load resource: net::ERR_CONNECTION_REFUSED @ http://localhost:4173/:0
[  258515ms] [ERROR] Failed to load resource: net::ERR_CONNECTION_REFUSED @ http://localhost:4173/:0
[  259520ms] [ERROR] Failed to load resource: net::ERR_CONNECTION_REFUSED @ http://localhost:4173/:0
[  260524ms] [ERROR] Failed to load resource: net::ERR_CONNECTION_REFUSED @ http://localhost:4173/:0
[  261529ms] [ERROR] Failed to load resource: net::ERR_CONNECTION_REFUSED @ http://localhost:4173/:0
[  262533ms] [ERROR] Failed to load resource: net::ERR_CONNECTION_REFUSED @ http://localhost:4173/:0
[  263537ms] [ERROR] Failed to load resource: net::ERR_CONNECTION_REFUSED @ http://localhost:4173/:0
[  264542ms] [ERROR] Failed to load resource: net::ERR_CONNECTION_REFUSED @ http://localhost:4173/:0
[  265547ms] [ERROR] Failed to load resource: net::ERR_CONNECTION_REFUSED @ http://localhost:4173/:0
[  266550ms] [ERROR] Failed to load resource: net::ERR_CONNECTION_REFUSED @ http://localhost:4173/:0
[  267554ms] [ERROR] Failed to load resource: net::ERR_CONNECTION_REFUSED @ http://localhost:4173/:0
[  268560ms] [ERROR] Failed to load resource: net::ERR_CONNECTION_REFUSED @ http://localhost:4173/:0
[  269564ms] [ERROR] Failed to load resource: net::ERR_CONNECTION_REFUSED @ http://localhost:4173/:0
[  270568ms] [ERROR] Failed to load resource: net::ERR_CONNECTION_REFUSED @ http://localhost:4173/:0
[  271573ms] [ERROR] Failed to load resource: net::ERR_CONNECTION_REFUSED @ http://localhost:4173/:0
[  272576ms] [ERROR] Failed to load resource: net::ERR_CONNECTION_REFUSED @ http://localhost:4173/:0
[  273580ms] [ERROR] Failed to load resource: net::ERR_CONNECTION_REFUSED @ http://localhost:4173/:0
[  274583ms] [ERROR] Failed to load resource: net::ERR_CONNECTION_REFUSED @ http://localhost:4173/:0
[  275587ms] [ERROR] Failed to load resource: net::ERR_CONNECTION_REFUSED @ http://localhost:4173/:0
[  276591ms] [ERROR] Failed to load resource: net::ERR_CONNECTION_REFUSED @ http://localhost:4173/:0
[  277594ms] [ERROR] Failed to load resource: net::ERR_CONNECTION_REFUSED @ http://localhost:4173/:0
[  278597ms] [ERROR] Failed to load resource: net::ERR_CONNECTION_REFUSED @ http://localhost:4173/:0
[  279601ms] [ERROR] Failed to load resource: net::ERR_CONNECTION_REFUSED @ http://localhost:4173/:0
[  280605ms] [ERROR] Failed to load resource: net::ERR_CONNECTION_REFUSED @ http://localhost:4173/:0
[  281609ms] [ERROR] Failed to load resource: net::ERR_CONNECTION_REFUSED @ http://localhost:4173/:0
[  282614ms] [ERROR] Failed to load resource: net::ERR_CONNECTION_REFUSED @ http://localhost:4173/:0
[  283618ms] [ERROR] Failed to load resource: net::ERR_CONNECTION_REFUSED @ http://localhost:4173/:0
[  284622ms] [ERROR] Failed to load resource: net::ERR_CONNECTION_REFUSED @ http://localhost:4173/:0
[  285626ms] [ERROR] Failed to load resource: net::ERR_CONNECTION_REFUSED @ http://localhost:4173/:0
[  286630ms] [ERROR] Failed to load resource: net::ERR_CONNECTION_REFUSED @ http://localhost:4173/:0
[  287634ms] [ERROR] Failed to load resource: net::ERR_CONNECTION_REFUSED @ http://localhost:4173/:0
[  288639ms] [ERROR] Failed to load resource: net::ERR_CONNECTION_REFUSED @ http://localhost:4173/:0
[  289643ms] [ERROR] Failed to load resource: net::ERR_CONNECTION_REFUSED @ http://localhost:4173/:0
[  290646ms] [ERROR] Failed to load resource: net::ERR_CONNECTION_REFUSED @ http://localhost:4173/:0
[  291648ms] [ERROR] Failed to load resource: net::ERR_CONNECTION_REFUSED @ http://localhost:4173/:0
[  292650ms] [ERROR] Failed to load resource: net::ERR_CONNECTION_REFUSED @ http://localhost:4173/:0
[  293654ms] [ERROR] Failed to load resource: net::ERR_CONNECTION_REFUSED @ http://localhost:4173/:0
[  294658ms] [ERROR] Failed to load resource: net::ERR_CONNECTION_REFUSED @ http://localhost:4173/:0
[  295661ms] [ERROR] Failed to load resource: net::ERR_CONNECTION_REFUSED @ http://localhost:4173/:0
[  296665ms] [ERROR] Failed to load resource: net::ERR_CONNECTION_REFUSED @ http://localhost:4173/:0
[  297669ms] [ERROR] Failed to load resource: net::ERR_CONNECTION_REFUSED @ http://localhost:4173/:0
[  298673ms] [ERROR] Failed to load resource: net::ERR_CONNECTION_REFUSED @ http://localhost:4173/:0
[  299677ms] [ERROR] Failed to load resource: net::ERR_CONNECTION_REFUSED @ http://localhost:4173/:0
[  300681ms] [ERROR] Failed to load resource: net::ERR_CONNECTION_REFUSED @ http://localhost:4173/:0
[  301685ms] [ERROR] Failed to load resource: net::ERR_CONNECTION_REFUSED @ http://localhost:4173/:0
[  302689ms] [ERROR] Failed to load resource: net::ERR_CONNECTION_REFUSED @ http://localhost:4173/:0
[  303693ms] [ERROR] Failed to load resource: net::ERR_CONNECTION_REFUSED @ http://localhost:4173/:0
[  304697ms] [ERROR] Failed to load resource: net::ERR_CONNECTION_REFUSED @ http://localhost:4173/:0
[  305701ms] [ERROR] Failed to load resource: net::ERR_CONNECTION_REFUSED @ http://localhost:4173/:0
[  306706ms] [ERROR] Failed to load resource: net::ERR_CONNECTION_REFUSED @ http://localhost:4173/:0
[  307710ms] [ERROR] Failed to load resource: net::ERR_CONNECTION_REFUSED @ http://localhost:4173/:0
[  308715ms] [ERROR] Failed to load resource: net::ERR_CONNECTION_REFUSED @ http://localhost:4173/:0
[  309719ms] [ERROR] Failed to load resource: net::ERR_CONNECTION_REFUSED @ http://localhost:4173/:0
[  310723ms] [ERROR] Failed to load resource: net::ERR_CONNECTION_REFUSED @ http://localhost:4173/:0
[  311727ms] [ERROR] Failed to load resource: net::ERR_CONNECTION_REFUSED @ http://localhost:4173/:0
[  312729ms] [ERROR] Failed to load resource: net::ERR_CONNECTION_REFUSED @ http://localhost:4173/:0
[  313732ms] [ERROR] Failed to load resource: net::ERR_CONNECTION_REFUSED @ http://localhost:4173/:0
[  314736ms] [ERROR] Failed to load resource: net::ERR_CONNECTION_REFUSED @ http://localhost:4173/:0
[  315740ms] [ERROR] Failed to load resource: net::ERR_CONNECTION_REFUSED @ http://localhost:4173/:0
[  316744ms] [ERROR] Failed to load resource: net::ERR_CONNECTION_REFUSED @ http://localhost:4173/:0
[  317747ms] [ERROR] Failed to load resource: net::ERR_CONNECTION_REFUSED @ http://localhost:4173/:0
[  318751ms] [ERROR] Failed to load resource: net::ERR_CONNECTION_REFUSED @ http://localhost:4173/:0
[  319755ms] [ERROR] Failed to load resource: net::ERR_CONNECTION_REFUSED @ http://localhost:4173/:0
[  320758ms] [ERROR] Failed to load resource: net::ERR_CONNECTION_REFUSED @ http://localhost:4173/:0
[  321760ms] [ERROR] Failed to load resource: net::ERR_CONNECTION_REFUSED @ http://localhost:4173/:0
[  322763ms] [ERROR] Failed to load resource: net::ERR_CONNECTION_REFUSED @ http://localhost:4173/:0
[  323766ms] [ERROR] Failed to load resource: net::ERR_CONNECTION_REFUSED @ http://localhost:4173/:0
[  324770ms] [ERROR] Failed to load resource: net::ERR_CONNECTION_REFUSED @ http://localhost:4173/:0
[  325775ms] [ERROR] Failed to load resource: net::ERR_CONNECTION_REFUSED @ http://localhost:4173/:0
[  326777ms] [ERROR] Failed to load resource: net::ERR_CONNECTION_REFUSED @ http://localhost:4173/:0
[  327779ms] [ERROR] Failed to load resource: net::ERR_CONNECTION_REFUSED @ http://localhost:4173/:0
[  328781ms] [ERROR] Failed to load resource: net::ERR_CONNECTION_REFUSED @ http://localhost:4173/:0
[  329784ms] [ERROR] Failed to load resource: net::ERR_CONNECTION_REFUSED @ http://localhost:4173/:0
[  330785ms] [ERROR] Failed to load resource: net::ERR_CONNECTION_REFUSED @ http://localhost:4173/:0
[  331787ms] [ERROR] Failed to load resource: net::ERR_CONNECTION_REFUSED @ http://localhost:4173/:0
[  332790ms] [ERROR] Failed to load resource: net::ERR_CONNECTION_REFUSED @ http://localhost:4173/:0
[  333792ms] [ERROR] Failed to load resource: net::ERR_CONNECTION_REFUSED @ http://localhost:4173/:0
[  334794ms] [ERROR] Failed to load resource: net::ERR_CONNECTION_REFUSED @ http://localhost:4173/:0
[  335796ms] [ERROR] Failed to load resource: net::ERR_CONNECTION_REFUSED @ http://localhost:4173/:0
[  336798ms] [ERROR] Failed to load resource: net::ERR_CONNECTION_REFUSED @ http://localhost:4173/:0
[  337800ms] [ERROR] Failed to load resource: net::ERR_CONNECTION_REFUSED @ http://localhost:4173/:0
[  338802ms] [ERROR] Failed to load resource: net::ERR_CONNECTION_REFUSED @ http://localhost:4173/:0
[  339804ms] [ERROR] Failed to load resource: net::ERR_CONNECTION_REFUSED @ http://localhost:4173/:0
[  340806ms] [ERROR] Failed to load resource: net::ERR_CONNECTION_REFUSED @ http://localhost:4173/:0
[  341807ms] [ERROR] Failed to load resource: net::ERR_CONNECTION_REFUSED @ http://localhost:4173/:0
[  342808ms] [ERROR] Failed to load resource: net::ERR_CONNECTION_REFUSED @ http://localhost:4173/:0
[  343810ms] [ERROR] Failed to load resource: net::ERR_CONNECTION_REFUSED @ http://localhost:4173/:0
[  344812ms] [ERROR] Failed to load resource: net::ERR_CONNECTION_REFUSED @ http://localhost:4173/:0
[  345814ms] [ERROR] Failed to load resource: net::ERR_CONNECTION_REFUSED @ http://localhost:4173/:0
[  346817ms] [ERROR] Failed to load resource: net::ERR_CONNECTION_REFUSED @ http://localhost:4173/:0
[  347819ms] [ERROR] Failed to load resource: net::ERR_CONNECTION_REFUSED @ http://localhost:4173/:0
[  348821ms] [ERROR] Failed to load resource: net::ERR_CONNECTION_REFUSED @ http://localhost:4173/:0
[  349823ms] [ERROR] Failed to load resource: net::ERR_CONNECTION_REFUSED @ http://localhost:4173/:0
[  350825ms] [ERROR] Failed to load resource: net::ERR_CONNECTION_REFUSED @ http://localhost:4173/:0
[  351827ms] [ERROR] Failed to load resource: net::ERR_CONNECTION_REFUSED @ http://localhost:4173/:0
[  352829ms] [ERROR] Failed to load resource: net::ERR_CONNECTION_REFUSED @ http://localhost:4173/:0
[  353833ms] [ERROR] Failed to load resource: net::ERR_CONNECTION_REFUSED @ http://localhost:4173/:0
[  354835ms] [ERROR] Failed to load resource: net::ERR_CONNECTION_REFUSED @ http://localhost:4173/:0
[  355838ms] [ERROR] Failed to load resource: net::ERR_CONNECTION_REFUSED @ http://localhost:4173/:0
[  356840ms] [ERROR] Failed to load resource: net::ERR_CONNECTION_REFUSED @ http://localhost:4173/:0
[  357842ms] [ERROR] Failed to load resource: net::ERR_CONNECTION_REFUSED @ http://localhost:4173/:0
[  358844ms] [ERROR] Failed to load resource: net::ERR_CONNECTION_REFUSED @ http://localhost:4173/:0
[  359846ms] [ERROR] Failed to load resource: net::ERR_CONNECTION_REFUSED @ http://localhost:4173/:0
[  360848ms] [ERROR] Failed to load resource: net::ERR_CONNECTION_REFUSED @ http://localhost:4173/:0
[  361850ms] [ERROR] Failed to load resource: net::ERR_CONNECTION_REFUSED @ http://localhost:4173/:0
[  362854ms] [ERROR] Failed to load resource: net::ERR_CONNECTION_REFUSED @ http://localhost:4173/:0
[  363856ms] [ERROR] Failed to load resource: net::ERR_CONNECTION_REFUSED @ http://localhost:4173/:0
[  364860ms] [ERROR] Failed to load resource: net::ERR_CONNECTION_REFUSED @ http://localhost:4173/:0
[  365864ms] [ERROR] Failed to load resource: net::ERR_CONNECTION_REFUSED @ http://localhost:4173/:0
[  366867ms] [ERROR] Failed to load resource: net::ERR_CONNECTION_REFUSED @ http://localhost:4173/:0
[  367869ms] [ERROR] Failed to load resource: net::ERR_CONNECTION_REFUSED @ http://localhost:4173/:0
[  368871ms] [ERROR] Failed to load resource: net::ERR_CONNECTION_REFUSED @ http://localhost:4173/:0
[  369873ms] [ERROR] Failed to load resource: net::ERR_CONNECTION_REFUSED @ http://localhost:4173/:0
[  370875ms] [ERROR] Failed to load resource: net::ERR_CONNECTION_REFUSED @ http://localhost:4173/:0
[  371878ms] [ERROR] Failed to load resource: net::ERR_CONNECTION_REFUSED @ http://localhost:4173/:0
[  372880ms] [ERROR] Failed to load resource: net::ERR_CONNECTION_REFUSED @ http://localhost:4173/:0
[  373882ms] [ERROR] Failed to load resource: net::ERR_CONNECTION_REFUSED @ http://localhost:4173/:0
[  374884ms] [ERROR] Failed to load resource: net::ERR_CONNECTION_REFUSED @ http://localhost:4173/:0
[  375886ms] [ERROR] Failed to load resource: net::ERR_CONNECTION_REFUSED @ http://localhost:4173/:0
[  376888ms] [ERROR] Failed to load resource: net::ERR_CONNECTION_REFUSED @ http://localhost:4173/:0
[  377890ms] [ERROR] Failed to load resource: net::ERR_CONNECTION_REFUSED @ http://localhost:4173/:0
[  378892ms] [ERROR] Failed to load resource: net::ERR_CONNECTION_REFUSED @ http://localhost:4173/:0
[  379893ms] [ERROR] Failed to load resource: net::ERR_CONNECTION_REFUSED @ http://localhost:4173/:0
[  380895ms] [ERROR] Failed to load resource: net::ERR_CONNECTION_REFUSED @ http://localhost:4173/:0
[  381896ms] [ERROR] Failed to load resource: net::ERR_CONNECTION_REFUSED @ http://localhost:4173/:0
[  382898ms] [ERROR] Failed to load resource: net::ERR_CONNECTION_REFUSED @ http://localhost:4173/:0
[  383900ms] [ERROR] Failed to load resource: net::ERR_CONNECTION_REFUSED @ http://localhost:4173/:0
[  384903ms] [ERROR] Failed to load resource: net::ERR_CONNECTION_REFUSED @ http://localhost:4173/:0
[  385905ms] [ERROR] Failed to load resource: net::ERR_CONNECTION_REFUSED @ http://localhost:4173/:0
[  386907ms] [ERROR] Failed to load resource: net::ERR_CONNECTION_REFUSED @ http://localhost:4173/:0
[  387910ms] [ERROR] Failed to load resource: net::ERR_CONNECTION_REFUSED @ http://localhost:4173/:0
[  388912ms] [ERROR] Failed to load resource: net::ERR_CONNECTION_REFUSED @ http://localhost:4173/:0
[  389914ms] [ERROR] Failed to load resource: net::ERR_CONNECTION_REFUSED @ http://localhost:4173/:0
[  390916ms] [ERROR] Failed to load resource: net::ERR_CONNECTION_REFUSED @ http://localhost:4173/:0
[  391917ms] [ERROR] Failed to load resource: net::ERR_CONNECTION_REFUSED @ http://localhost:4173/:0
[  392919ms] [ERROR] Failed to load resource: net::ERR_CONNECTION_REFUSED @ http://localhost:4173/:0
[  393921ms] [ERROR] Failed to load resource: net::ERR_CONNECTION_REFUSED @ http://localhost:4173/:0
[  394924ms] [ERROR] Failed to load resource: net::ERR_CONNECTION_REFUSED @ http://localhost:4173/:0
[  395926ms] [ERROR] Failed to load resource: net::ERR_CONNECTION_REFUSED @ http://localhost:4173/:0
[  396927ms] [ERROR] Failed to load resource: net::ERR_CONNECTION_REFUSED @ http://localhost:4173/:0
[  397930ms] [ERROR] Failed to load resource: net::ERR_CONNECTION_REFUSED @ http://localhost:4173/:0
[  398932ms] [ERROR] Failed to load resource: net::ERR_CONNECTION_REFUSED @ http://localhost:4173/:0
[  399934ms] [ERROR] Failed to load resource: net::ERR_CONNECTION_REFUSED @ http://localhost:4173/:0
[  400935ms] [ERROR] Failed to load resource: net::ERR_CONNECTION_REFUSED @ http://localhost:4173/:0
[  401937ms] [ERROR] Failed to load resource: net::ERR_CONNECTION_REFUSED @ http://localhost:4173/:0
[  402939ms] [ERROR] Failed to load resource: net::ERR_CONNECTION_REFUSED @ http://localhost:4173/:0
[  403943ms] [ERROR] Failed to load resource: net::ERR_CONNECTION_REFUSED @ http://localhost:4173/:0
[  404946ms] [ERROR] Failed to load resource: net::ERR_CONNECTION_REFUSED @ http://localhost:4173/:0
[  405950ms] [ERROR] Failed to load resource: net::ERR_CONNECTION_REFUSED @ http://localhost:4173/:0
[  406955ms] [ERROR] Failed to load resource: net::ERR_CONNECTION_REFUSED @ http://localhost:4173/:0
[  407958ms] [ERROR] Failed to load resource: net::ERR_CONNECTION_REFUSED @ http://localhost:4173/:0
[  408962ms] [ERROR] Failed to load resource: net::ERR_CONNECTION_REFUSED @ http://localhost:4173/:0
[  409964ms] [ERROR] Failed to load resource: net::ERR_CONNECTION_REFUSED @ http://localhost:4173/:0
[  410967ms] [ERROR] Failed to load resource: net::ERR_CONNECTION_REFUSED @ http://localhost:4173/:0
[  411969ms] [ERROR] Failed to load resource: net::ERR_CONNECTION_REFUSED @ http://localhost:4173/:0
[  412973ms] [ERROR] Failed to load resource: net::ERR_CONNECTION_REFUSED @ http://localhost:4173/:0
[  413976ms] [ERROR] Failed to load resource: net::ERR_CONNECTION_REFUSED @ http://localhost:4173/:0
[  414978ms] [ERROR] Failed to load resource: net::ERR_CONNECTION_REFUSED @ http://localhost:4173/:0
[  415981ms] [ERROR] Failed to load resource: net::ERR_CONNECTION_REFUSED @ http://localhost:4173/:0
[  416985ms] [ERROR] Failed to load resource: net::ERR_CONNECTION_REFUSED @ http://localhost:4173/:0
[  417989ms] [ERROR] Failed to load resource: net::ERR_CONNECTION_REFUSED @ http://localhost:4173/:0
[  418991ms] [ERROR] Failed to load resource: net::ERR_CONNECTION_REFUSED @ http://localhost:4173/:0
[  419994ms] [ERROR] Failed to load resource: net::ERR_CONNECTION_REFUSED @ http://localhost:4173/:0
[  420996ms] [ERROR] Failed to load resource: net::ERR_CONNECTION_REFUSED @ http://localhost:4173/:0
[  421998ms] [ERROR] Failed to load resource: net::ERR_CONNECTION_REFUSED @ http://localhost:4173/:0
[  423002ms] [ERROR] Failed to load resource: net::ERR_CONNECTION_REFUSED @ http://localhost:4173/:0
[  424004ms] [ERROR] Failed to load resource: net::ERR_CONNECTION_REFUSED @ http://localhost:4173/:0
[  425006ms] [ERROR] Failed to load resource: net::ERR_CONNECTION_REFUSED @ http://localhost:4173/:0
[  426008ms] [ERROR] Failed to load resource: net::ERR_CONNECTION_REFUSED @ http://localhost:4173/:0
[  427010ms] [ERROR] Failed to load resource: net::ERR_CONNECTION_REFUSED @ http://localhost:4173/:0
[  428012ms] [ERROR] Failed to load resource: net::ERR_CONNECTION_REFUSED @ http://localhost:4173/:0
[  429015ms] [ERROR] Failed to load resource: net::ERR_CONNECTION_REFUSED @ http://localhost:4173/:0
[  430017ms] [ERROR] Failed to load resource: net::ERR_CONNECTION_REFUSED @ http://localhost:4173/:0
[  431019ms] [ERROR] Failed to load resource: net::ERR_CONNECTION_REFUSED @ http://localhost:4173/:0
[  432021ms] [ERROR] Failed to load resource: net::ERR_CONNECTION_REFUSED @ http://localhost:4173/:0
[  433025ms] [ERROR] Failed to load resource: net::ERR_CONNECTION_REFUSED @ http://localhost:4173/:0
[  434029ms] [ERROR] Failed to load resource: net::ERR_CONNECTION_REFUSED @ http://localhost:4173/:0
[  435031ms] [ERROR] Failed to load resource: net::ERR_CONNECTION_REFUSED @ http://localhost:4173/:0
[  436033ms] [ERROR] Failed to load resource: net::ERR_CONNECTION_REFUSED @ http://localhost:4173/:0
[  437036ms] [ERROR] Failed to load resource: net::ERR_CONNECTION_REFUSED @ http://localhost:4173/:0
[  438624ms] [WARNING] ⚠️ React Router Future Flag Warning: React Router will begin wrapping state updates in `React.startTransition` in v7. You can use the `v7_startTransition` future flag to opt-in early. For more information, see https://reactrouter.com/v6/upgrading/future#v7_starttransition. @ http://localhost:4173/node_modules/.vite/deps/react-router-dom.js?v=667b2466:4379
[  438624ms] [WARNING] ⚠️ React Router Future Flag Warning: Relative route resolution within Splat routes is changing in v7. You can use the `v7_relativeSplatPath` future flag to opt-in early. For more information, see https://reactrouter.com/v6/upgrading/future#v7_relativesplatpath. @ http://localhost:4173/node_modules/.vite/deps/react-router-dom.js?v=667b2466:4379
